GET /tea 404 1.700 ms - 17
GET /teams 200 126.560 ms - 936
GET /teams/chennai-super- 200 29.975 ms - 2
GET /teams/chennai-super-kings 200 71.928 ms - 1700
GET /tea 404 3.379 ms - 17
GET /teams 200 27.769 ms - 936
GET /teams/chennai-super-kings 200 9.456 ms - 1700
GET /tea 404 2.563 ms - 17
GET /teams 200 53.189 ms - 936
GET /teams/chennai-super-kings 200 11.039 ms - 1700
GET /tea 404 3.209 ms - 17
GET /teams 200 28.021 ms - 936
GET /teams/chennai-super-kings 200 10.101 ms - 1700
GET /tea 404 2.172 ms - 17
GET /teams 200 23.208 ms - 936
GET /tea 404 1.566 ms - 17
GET /teams 200 15.637 ms - 936
GET /teams/chennai-super- 200 3.944 ms - 2
GET /teams/chennai-super-kings 200 6.141 ms - 1700
GET /tea 404 1.434 ms - 17
GET /teams 200 10.963 ms - 936
GET /teams/chennai-super- 404 5.836 ms - 17
GET /teams/chennai-super-kings 200 6.681 ms - 1700
GET /tea 404 1.431 ms - 17
GET /teams 200 10.762 ms - 936
GET /teams/chennai-super- 404 1.821 ms - 17
GET /teams/chennai-super-kings 200 4.563 ms - 1700
GET /tea 404 1.428 ms - 17
GET /teams 200 10.898 ms - 936
GET /teams/chennai-super-kings 200 5.242 ms - 1700
GET /tea 404 1.379 ms - 17
GET /teams 200 11.187 ms - 936
GET /tea 404 1.601 ms - 17
GET /teams 200 17.558 ms - 936
GET /teams/chennai-super- 404 14.814 ms - 17
GET /teams/chennai-super-kings 200 15.543 ms - 1700
GET /tea 404 1.622 ms - 17
GET /teams 200 14.505 ms - 936
GET /teams/chennai-super- 404 2.167 ms - 17
GET /teams/chennai-super-kings 200 5.823 ms - 1700
GET /tea 404 1.427 ms - 17
GET /teams 200 11.846 ms - 936
GET /teams/chennai-super- 404 2.159 ms - 17
GET /teams/chennai-super-kings 200 6.690 ms - 1700
GET /tea 404 1.421 ms - 17
GET /teams 200 11.569 ms - 936
GET /teams/chennai-super- 404 1.783 ms - 17
GET /teams/chennai-super-kings 200 4.517 ms - 1700
GET /tea 404 1.436 ms - 17
GET /teams 200 10.843 ms - 936
GET /teams/chennai-super- 404 1.916 ms - 17
GET /teams/chennai-super-kings 200 4.592 ms - 1700
GET /tea 404 1.516 ms - 17
GET /teams 200 11.163 ms - 936
GET /teams/chennai-super- 404 1.865 ms - 17
GET /teams/chennai-super-kings 200 4.687 ms - 1700
GET /teams 200 16.534 ms - 936
GET /tea 404 1.418 ms - 17
GET /teams 200 16.601 ms - 936
GET /teams 200 11.481 ms - 936
GET /teams/chennai-super- 404 2.087 ms - 17
GET /teams/chennai-super-kings 200 4.699 ms - 1700
GET /tea 404 1.385 ms - 17
GET /teams 200 10.667 ms - 936
GET /teams/chennai-super- 404 1.889 ms - 17
GET /teams/chennai-super-kings 200 4.472 ms - 1700
GET /tea 404 1.377 ms - 17
GET /teams 200 11.580 ms - 936
GET /teams/chennai-super- 404 1.744 ms - 17
GET /teams/chennai-super-kings 200 4.468 ms - 1700
GET /tea 404 1.415 ms - 17
GET /teams 200 10.634 ms - 936
GET /teams/chennai-super- 404 1.754 ms - 17
GET /teams/chennai-super-kings 200 4.444 ms - 1700
GET /tea 404 1.392 ms - 17
GET /teams 200 10.746 ms - 936
GET /teams/chennai-super- 404 1.746 ms - 17
GET /teams/chennai-super-kings 200 4.441 ms - 1700
GET /tea 404 1.408 ms - 17
GET /teams 200 10.894 ms - 936
GET /teams/chennai-super- 404 1.778 ms - 17
GET /teams/chennai-super-kings 200 4.616 ms - 1700
GET /tea 404 1.379 ms - 17
GET /teams 200 11.428 ms - 936
GET /teams/chennai-super- 404 1.818 ms - 17
GET /teams/chennai-super-kings 200 4.552 ms - 1700
GET /tea 404 1.431 ms - 17
GET /teams 404 0.377 ms - 17
GET /teams/chennai-super- 404 5.428 ms - 17
GET /teams/chennai-super-kings 200 6.602 ms - 1700
GET /tea 404 1.454 ms - 17
GET /teams 200 11.702 ms - 936
GET /teams/chennai-super- 404 1.865 ms - 17
GET /teams/chennai-super-kings 200 4.485 ms - 1700
GET /tea 404 1.429 ms - 17
GET /teams 200 11.266 ms - 936
GET /teams/chennai-super- 404 2.059 ms - 17
GET /teams/chennai-super-kings 200 4.667 ms - 1700
GET /tea 404 1.550 ms - 17
GET /teams 200 12.900 ms - 936
GET /teams/chennai-super- 404 1.803 ms - 17
GET /teams/chennai-super-kings 200 4.590 ms - 1700
GET /tea 404 1.439 ms - 17
GET /teams 200 10.768 ms - 936
GET /teams/chennai-super- 404 1.835 ms - 17
GET /teams/chennai-super-kings 200 4.552 ms - 1700
GET /tea 404 1.430 ms - 17
GET /teams 200 11.087 ms - 936
GET /teams/chennai-super- 404 2.115 ms - 17
GET /teams/chennai-super-kings 200 4.675 ms - 1700
GET /tea 404 1.456 ms - 17
GET /teams 200 11.764 ms - 936
GET /teams/chennai-super- 404 1.890 ms - 17
GET /teams/chennai-super-kings 200 4.506 ms - 1700
POST /teams 400 23.449 ms - 785
GET /tea 404 1.668 ms - 17
GET /teams 200 11.420 ms - 936
GET /teams/chennai-super- 404 1.935 ms - 17
GET /teams/chennai-super-kings 200 4.734 ms - 1700
POST /teams 400 6.944 ms - 785
GET /tea 404 1.698 ms - 17
GET /teams 200 19.775 ms - 936
GET /teams/chennai-super- 404 2.177 ms - 17
GET /teams/chennai-super-kings 200 5.020 ms - 1700
GET /tea 404 2.123 ms - 17
GET /teams 200 20.704 ms - 936
GET /teams/chennai-super- 404 4.017 ms - 17
GET /teams/chennai-super-kings 200 8.640 ms - 1700
GET /tea 404 1.452 ms - 17
GET /teams 200 10.835 ms - 936
GET /teams/chennai-super- 404 1.852 ms - 17
GET /teams/chennai-super-kings 200 4.579 ms - 1700
GET /tea 404 1.425 ms - 17
GET /teams 200 10.816 ms - 936
GET /teams/chennai-super- 404 1.778 ms - 17
GET /teams/chennai-super-kings 200 4.511 ms - 1700
GET /tea 404 2.104 ms - 17
GET /teams 200 22.664 ms - 936
GET /teams/chennai-super- 404 2.687 ms - 17
GET /teams/chennai-super-kings 200 4.626 ms - 1700
GET /tea 404 1.577 ms - 17
GET /teams 200 14.550 ms - 936
GET /teams/chennai-super- 404 2.459 ms - 17
GET /teams/chennai-super-kings 200 9.400 ms - 1700
GET /tea 404 1.506 ms - 17
GET /teams 200 10.917 ms - 936
GET /teams/chennai-super- 404 1.811 ms - 17
GET /teams/chennai-super-kings 200 4.599 ms - 1700
GET /tea 404 1.422 ms - 17
GET /teams 200 10.752 ms - 936
GET /teams/chennai-super- 404 1.784 ms - 17
GET /teams/chennai-super-kings 200 4.625 ms - 1700
GET /tea 404 1.431 ms - 17
GET /teams 200 10.914 ms - 936
GET /teams/chennai-super- 404 1.808 ms - 17
GET /teams/chennai-super-kings 200 4.558 ms - 1700
GET /tea 404 1.465 ms - 17
GET /teams 200 11.432 ms - 1019
GET /teams/chennai-super- 404 2.046 ms - 17
GET /teams/chennai-super-kings 200 4.775 ms - 1700
GET /tea 404 1.458 ms - 17
GET /teams 200 12.084 ms - 1019
GET /teams/chennai-super- 404 1.894 ms - 17
GET /teams/chennai-super-kings 200 4.885 ms - 1700
GET /tea 404 1.573 ms - 17
GET /teams 200 11.173 ms - 1019
GET /teams/chennai-super- 404 2.042 ms - 17
GET /teams/chennai-super-kings 200 4.567 ms - 1700
GET /tea 404 1.491 ms - 17
GET /teams 200 11.806 ms - 1019
GET /teams/chennai-super- 404 1.777 ms - 17
GET /teams/chennai-super-kings 200 4.611 ms - 1700
GET /tea 404 1.748 ms - 17
GET /teams 200 15.406 ms - 936
GET /teams/chennai-super- 404 1.855 ms - 17
GET /teams/chennai-super-kings 200 4.679 ms - 1700
