GET / 404 2.727 ms - 17
GET /teams 304 10.346 ms - -
GET /teams 200 13.816 ms - 936
GET /teams 200 4.100 ms - 936
GET /teams/chennai-super-kings 200 8.574 ms - 1700
GET /teams 304 2.961 ms - -
GET /teams/chennai-super-kings 200 4.546 ms - 1700
GET /favicon.ico 404 0.278 ms - 17
GET /favicon.ico 404 0.176 ms - 17
GET /api-docs 301 2.930 ms - 183
GET /api-docs/ 200 1.943 ms - 3104
GET /api-docs/swagger-ui-init.js 200 0.143 ms - 4633
GET /api-docs/swagger-ui-standalone-preset.js 200 2.724 ms - 337217
GET /api-docs/swagger-ui-bundle.js 200 2.613 ms - 1091138
GET /api-docs/swagger-ui.css 200 73.582 ms - 143753
GET /api-docs/favicon-32x32.png 200 405.923 ms - 628
GET /teams 304 13.330 ms - -
GET /teams 304 4.081 ms - -
GET /teams 304 4.700 ms - -
GET /teams 304 2.713 ms - -
GET /teams/chennai-super-kings 200 13.533 ms - 1700
GET /api-docs/ 304 2.083 ms - -
GET /api-docs/swagger-ui.css 304 1.282 ms - -
GET /api-docs/swagger-ui-bundle.js 304 1.006 ms - -
GET /api-docs/swagger-ui-init.js 304 0.244 ms - -
GET /api-docs/swagger-ui-standalone-preset.js 304 1.237 ms - -
GET /api-docs/favicon-32x32.png 200 0.619 ms - 628
GET / 404 7.859 ms - 17
GET /favicon.ico 404 0.446 ms - 17
GET /teams/chennai-super-kings 304 13.157 ms - -
GET /teams/chennai-super- 200 1.860 ms - 2
GET /teams/chennai-super- 304 6.117 ms - -
GET /teams/chennai-super- 304 5.587 ms - -
GET /teams 304 36.109 ms - -
GET /teams/chennai-super-kings 304 17.358 ms - -
GET /teams/chennai-super- 304 2.223 ms - -
GET /teams/chennai-super-kings 304 23.515 ms - -
GET /teams/chennai-super- 404 5.839 ms - 17
GET / 404 2.080 ms - 17
GET /teams 304 12.715 ms - -
GET / 404 1.937 ms - 17
POST /teams 400 10.711 ms - 785
GET /tea 404 2.385 ms - 17
GET /teams 200 61.566 ms - 936
GET /teams/chennai-super- 404 4.539 ms - 17
GET /teams/chennai-super-kings 200 9.957 ms - 1700
POST /teams 400 12.546 ms - 785
GET /tea 404 4.070 ms - 17
GET /teams 200 29.674 ms - 936
GET /teams/chennai-super- 404 2.537 ms - 17
GET /teams/chennai-super-kings 200 8.061 ms - 1700
GET / 404 8.135 ms - 17
GET /teams 304 9.017 ms - -
POST /teams 201 40.334 ms - 106
POST /teams 201 28.848 ms - -
POST /teams 201 1.549 ms - -
POST /teams 201 0.951 ms - -
POST /teams 201 40.418 ms - 106
GET /teams 200 28.369 ms - 936
POST /teams 201 7.320 ms - 106
GET /teams 200 5.051 ms - 1010
GET /teams 200 3.056 ms - 936
POST /teams/test-team 201 23.828 ms - -
POST /teams/test-team 201 6.948 ms - -
POST /teams/test-team 201 12.686 ms - -
POST /teams/test-team 201 17.798 ms - -
POST /teams/test-team 201 12.093 ms - -
POST /teams/test-team 201 17.361 ms - -
POST /teams/test-team 201 11.755 ms - -
POST /teams/test-team 201 289.441 ms - 2
POST /teams/test-team 201 32.383 ms - 2
POST /teams/test-team 201 68.463 ms - 2
POST /teams/test-team 201 25.995 ms - 2
POST /teams/test-team 201 22.623 ms - 2
POST /teams/test-team 201 697.033 ms - 2
POST /teams/test-team 400 31.325 ms - 89
POST /teams/test-team 201 26.531 ms - 2
POST /teams/test-team 201 33.313 ms - 2
POST /teams/test-team 201 8.821 ms - 971
POST /teams/test-team 201 14.232 ms - 246
GET /teams/chennai-super-kings 200 14.327 ms - -
GET /teams/chennai-super-kings 200 4.195 ms - -
GET /teams/chennai-super-kings 200 25.925 ms - 1698
GET /teams/chennai-super 200 2.043 ms - 2
GET /teams/chennai-super 200 1.566 ms - 2
GET /teams/chennai-super 200 1.452 ms - 2
GET /teams/chennai-super 200 8.449 ms - 2
GET / 404 0.324 ms - 17
GET /teams/chennai-super-kings 200 10.464 ms - 1698
GET /favicon.ico 404 0.468 ms - 17
GET /teams/chennai-super- 200 2.041 ms - 2
GET /teams/chennai-super- 304 2.005 ms - -
GET /teams/chennai-super- 304 19.324 ms - -
GET /teams/chennai-super- 304 15.891 ms - -
GET /teams/chennai-super 200 8.929 ms - 2
GET /teams/chennai-super- 304 24.608 ms - -
GET /teams/chennai-super- 304 22.255 ms - -
GET /teams/chennai-super- 404 22.498 ms - 2
GET /teams/chennai-super- 404 12.557 ms - 2
GET /teams/chennai-super- 404 10.061 ms - 2
GET /teams/chennai-super- 404 6.816 ms - 2
GET /teams/chennai-super- 404 6.541 ms - 2
GET /teams/chennai-super- 404 6.225 ms - 2
GET /teams/chennai-super- 404 6.005 ms - 2
GET /teams/chennai-super- 404 5.766 ms - 2
GET /teams/chennai-super- 404 6.252 ms - 2
GET /teams/chennai-super 404 1.374 ms - 2
GET /teams/chennai-super- 404 7.193 ms - 2
GET /teams/chennai-super- 404 5.875 ms - 2
GET /teams/chennai-super- 404 6.889 ms - 2
GET /teams/chennai-super 404 8.254 ms - 2
GET /teams/chennai-super- 404 7.488 ms - 2
GET /teams/chennai-super- 404 26.942 ms - 2
GET /teams/chennai-super 404 1.683 ms - 2
GET /teams/chennai-super- 200 23.784 ms - 2
GET /teams/chennai-super- 304 27.154 ms - -
GET /teams/chennai-super- 404 22.093 ms - 31
GET /teams/chennai-super- 200 22.028 ms - 2
GET /teams/chennai-super 200 5.878 ms - 2
GET /teams/chennai-super 404 13.855 ms - 31
GET /teams/chennai-super 200 24.108 ms - 2
GET /teams/chennai-super- 304 17.287 ms - -
GET /teams/chennai-super- 304 7.427 ms - -
GET /teams/chennai-super- 304 6.006 ms - -
GET /teams/chennai-super- 304 6.485 ms - -
GET /teams/chennai-super- 304 6.558 ms - -
GET /teams/chennai-super- 304 5.948 ms - -
GET /tea 404 1.620 ms - 17
GET /teams 200 14.291 ms - 936
POST /teams/chennai-super-kings 201 36.573 ms - 2
GET /teams/chennai-super-kings 200 8.292 ms - 1698
GET /teams/chennai-super-king 200 1.742 ms - 2
GET /teams/chennai-super-king 200 8.891 ms - 2
GET /teams/chennai-super-king 200 10.840 ms - 2
GET /teams/chennai-super-king 404 8.663 ms - 42
GET /teams/chennai-super- 404 8.178 ms - 42
GET /teams/chennai-super- 404 22.808 ms - 2
GET /teams/chennai-super- 404 20.946 ms - 2
GET /teams/chennai-super-king 404 16.205 ms - 2
GET /teams/chennai-super- 404 25.241 ms - -
GET /teams/chennai-super- 404 3.699 ms - -
GET /teams/chennai-super-king 404 7.758 ms - -
GET /teams/chennai-super-kings 304 12.369 ms - -
GET /teams/chennai-super-king 404 1.877 ms - -
GET /teams/chennai-super-king 404 3.336 ms - -
GET /teams/chennai-super-king 404 1.582 ms - -
GET /teams/chennai-super-king 404 4.139 ms - -
GET /teams/chennai-super-king 404 6.776 ms - -
GET /teams/chennai-super-king 404 12.006 ms - -
GET /teams/chennai-super-king 404 3.518 ms - -
GET /teams/chennai-super-king 404 2.916 ms - -
GET /teams/chennai-super-king 404 4.104 ms - -
GET /teams/chennai-super-king 404 2.617 ms - -
GET /teams/chennai-super-king 404 5.945 ms - -
GET /teams/chennai-super-king 404 4.123 ms - -
GET /teams/chennai-super-king 200 8.119 ms - 2
GET /teams/chennai-super-king 200 4.824 ms - 2
GET /teams/chennai-super-king 304 23.461 ms - -
GET /teams/chennai-super-king 304 4.710 ms - -
GET /teams/chennai-super-king 304 6.556 ms - -
GET /teams/chennai-super-king 304 6.618 ms - -
GET /teams/chennai-super-king 200 3.136 ms - 2
GET /teams/chennai-super-king 304 9.461 ms - -
GET /teams/chennai-super-king 304 21.771 ms - -
GET /teams/chennai-super-king 304 10.746 ms - -
GET /teams/chennai-super-king 404 13.881 ms - -
GET /teams/chennai-super-king 404 2.407 ms - -
GET /teams/chennai-super-king 404 10.089 ms - -
GET /teams/chennai-super-king 404 8.312 ms - -
GET /teams/chennai-super-king 404 16.604 ms - -
GET /teams/chennai-super-king 404 6.924 ms - -
GET /teams/chennai-super-king 404 11.895 ms - -
GET /teams/chennai-super-king 404 8.471 ms - 6
GET /teams/chennai-super-king 404 7.829 ms - 6
GET /teams/chennai-super-king 404 24.480 ms - 6
GET /teams/chennai-super-king 404 7.069 ms - 6
GET /teams/chennai-super-king 404 5.495 ms - 6
GET /teams/chennai-super-king 404 5.397 ms - 6
GET /teams/chennai-super-king 404 1.643 ms - 6
GET /teams/chennai-super-king 404 18.397 ms - 40
GET /teams/chennai-super-king 404 21.280 ms - 40
GET /teams/chennai-super-king 404 5.751 ms - 40
GET /teams/chennai-super- 404 2.295 ms - 36
GET /teams/chennai-supe 404 4.769 ms - 34
POST /teams/test-team 201 352.450 ms - 246
GET / 404 8.980 ms - 17
GET /teams 304 1339.480 ms - -
GET /favicon.ico 404 0.268 ms - 17
GET /teams/chennai-super-kings 304 417.319 ms - -
